<?xml version="1.0" encoding="UTF-8"?>
<!-- Generated by org.testng.reporters.JUnitXMLReporter -->
<testsuite ignored="0" hostname="BOOK-7OMVMBV37S" failures="0" tests="3" name="All Tests" time="36.713" errors="0" timestamp="2026-03-12T23:29:01 IST">
  <testcase classname="tests.LoginTest" name="validLogin" time="3.276"/>
  <testcase classname="tests.CartTest" name="addProductToCart" time="13.407"/>
  <testcase classname="tests.CheckoutTests" name="completeCheckout" time="12.78"/>
</testsuite> <!-- All Tests -->
