<?xml version="1.0" encoding="UTF-8"?>
<!-- Generated by org.testng.reporters.JUnitXMLReporter -->
<testsuite ignored="4" hostname="BOOK-7OMVMBV37S" failures="0" tests="3" name="All Tests" time="40.376" errors="0" timestamp="2026-03-17T09:26:39 IST">
  <testcase classname="tests.LoginTest" name="validLogin" time="3.617"/>
  <testcase classname="tests.CartTest" name="addProductToCart" time="14.348"/>
  <testcase classname="tests.CheckoutTests" name="completeCheckout" time="13.812"/>
  <testcase classname="utils.BaseTest" name="@AfterSuite tearDownReport" time="0.0">
    <ignored/>
  </testcase> <!-- @AfterSuite tearDownReport -->
  <testcase classname="utils.BaseTest" name="@BeforeSuite setUpReport" time="0.0">
    <ignored/>
  </testcase> <!-- @BeforeSuite setUpReport -->
  <testcase classname="utils.BaseTest" name="@AfterSuite tearDownReport" time="0.0">
    <ignored/>
  </testcase> <!-- @AfterSuite tearDownReport -->
  <testcase classname="utils.BaseTest" name="@BeforeSuite setUpReport" time="0.0">
    <ignored/>
  </testcase> <!-- @BeforeSuite setUpReport -->
</testsuite> <!-- All Tests -->
