<?xml version="1.0" encoding="UTF-8"?>
<testng-results ignored="0" total="3" passed="3" failed="0" skipped="0">
  <reporter-output>
  </reporter-output>
  <suite started-at="2026-03-14T18:29:21 IST" name="Ecommerce Test Suite" finished-at="2026-03-14T18:29:58 IST" duration-ms="36872">
    <groups>
    </groups>
    <test started-at="2026-03-14T18:29:21 IST" name="All Tests" finished-at="2026-03-14T18:29:58 IST" duration-ms="36872">
      <class name="tests.LoginTest">
        <test-method is-config="true" signature="setUpReport()[pri:0, instance:tests.LoginTest@b3ca52e]" started-at="2026-03-14T18:29:20 IST" name="setUpReport" finished-at="2026-03-14T18:29:21 IST" duration-ms="404" status="PASS">
          <reporter-output>
          </reporter-output>
        </test-method> <!-- setUpReport -->
        <test-method is-config="true" signature="setUp()[pri:0, instance:tests.LoginTest@b3ca52e]" started-at="2026-03-14T18:29:21 IST" name="setUp" finished-at="2026-03-14T18:29:23 IST" duration-ms="2712" status="PASS">
          <reporter-output>
          </reporter-output>
        </test-method> <!-- setUp -->
        <test-method signature="validLogin()[pri:0, instance:tests.LoginTest@b3ca52e]" started-at="2026-03-14T18:29:23 IST" name="validLogin" finished-at="2026-03-14T18:29:27 IST" duration-ms="3290" status="PASS">
          <reporter-output>
          </reporter-output>
        </test-method> <!-- validLogin -->
        <test-method is-config="true" signature="tearDown(org.testng.ITestResult)[pri:0, instance:tests.LoginTest@b3ca52e]" started-at="2026-03-14T18:29:27 IST" name="tearDown" finished-at="2026-03-14T18:29:27 IST" duration-ms="148" status="PASS">
          <params>
            <param index="0">
              <value>
                <![CDATA[[TestResult name=validLogin status=SUCCESS method=LoginTest.validLogin()[pri:0, instance:tests.LoginTest@b3ca52e] output={null}]]]>
              </value>
            </param>
          </params>
          <reporter-output>
          </reporter-output>
        </test-method> <!-- tearDown -->
        <test-method is-config="true" signature="tearDownReport()[pri:0, instance:tests.LoginTest@b3ca52e]" started-at="2026-03-14T18:29:58 IST" name="tearDownReport" finished-at="2026-03-14T18:29:58 IST" duration-ms="484" status="PASS">
          <reporter-output>
          </reporter-output>
        </test-method> <!-- tearDownReport -->
      </class> <!-- tests.LoginTest -->
      <class name="tests.CartTest">
        <test-method is-config="true" signature="setUp()[pri:0, instance:tests.CartTest@61322f9d]" started-at="2026-03-14T18:29:27 IST" name="setUp" finished-at="2026-03-14T18:29:28 IST" duration-ms="1504" status="PASS">
          <reporter-output>
          </reporter-output>
        </test-method> <!-- setUp -->
        <test-method signature="addProductToCart()[pri:0, instance:tests.CartTest@61322f9d]" started-at="2026-03-14T18:29:28 IST" name="addProductToCart" finished-at="2026-03-14T18:29:42 IST" duration-ms="13642" status="PASS">
          <reporter-output>
          </reporter-output>
        </test-method> <!-- addProductToCart -->
        <test-method is-config="true" signature="tearDown(org.testng.ITestResult)[pri:0, instance:tests.CartTest@61322f9d]" started-at="2026-03-14T18:29:42 IST" name="tearDown" finished-at="2026-03-14T18:29:42 IST" duration-ms="169" status="PASS">
          <params>
            <param index="0">
              <value>
                <![CDATA[[TestResult name=addProductToCart status=SUCCESS method=CartTest.addProductToCart()[pri:0, instance:tests.CartTest@61322f9d] output={null}]]]>
              </value>
            </param>
          </params>
          <reporter-output>
          </reporter-output>
        </test-method> <!-- tearDown -->
      </class> <!-- tests.CartTest -->
      <class name="tests.CheckoutTests">
        <test-method is-config="true" signature="setUp()[pri:0, instance:tests.CheckoutTests@6ad82709]" started-at="2026-03-14T18:29:42 IST" name="setUp" finished-at="2026-03-14T18:29:44 IST" duration-ms="1841" status="PASS">
          <reporter-output>
          </reporter-output>
        </test-method> <!-- setUp -->
        <test-method signature="completeCheckout()[pri:0, instance:tests.CheckoutTests@6ad82709]" started-at="2026-03-14T18:29:44 IST" name="completeCheckout" finished-at="2026-03-14T18:29:57 IST" duration-ms="13259" status="PASS">
          <reporter-output>
          </reporter-output>
        </test-method> <!-- completeCheckout -->
        <test-method is-config="true" signature="tearDown(org.testng.ITestResult)[pri:0, instance:tests.CheckoutTests@6ad82709]" started-at="2026-03-14T18:29:57 IST" name="tearDown" finished-at="2026-03-14T18:29:58 IST" duration-ms="206" status="PASS">
          <params>
            <param index="0">
              <value>
                <![CDATA[[TestResult name=completeCheckout status=SUCCESS method=CheckoutTests.completeCheckout()[pri:0, instance:tests.CheckoutTests@6ad82709] output={null}]]]>
              </value>
            </param>
          </params>
          <reporter-output>
          </reporter-output>
        </test-method> <!-- tearDown -->
      </class> <!-- tests.CheckoutTests -->
    </test> <!-- All Tests -->
  </suite> <!-- Ecommerce Test Suite -->
</testng-results>
